<?xml version="1.0" encoding="UTF-8"?>
<testng-results ignored="0" total="12" passed="11" failed="1" skipped="0">
  <reporter-output>
  </reporter-output>
  <suite started-at="2026-04-25T22:04:22 IST" name="Default suite" finished-at="2026-04-25T22:05:00 IST" duration-ms="38567">
    <groups>
      <group name="regression">
        <method signature="LoginTest.testBothFieldsEmpty()[pri:0, instance:tests.LoginTest@2b5825fa]" name="testBothFieldsEmpty" class="tests.LoginTest"/>
        <method signature="LoginTest.testEmptyPassword()[pri:0, instance:tests.LoginTest@2b5825fa]" name="testEmptyPassword" class="tests.LoginTest"/>
        <method signature="LoginTest.testEmptyUsername()[pri:0, instance:tests.LoginTest@2b5825fa]" name="testEmptyUsername" class="tests.LoginTest"/>
        <method signature="LoginTest.testInvalidCredentials()[pri:0, instance:tests.LoginTest@2b5825fa]" name="testInvalidCredentials" class="tests.LoginTest"/>
        <method signature="LoginTest.testInvalidLoginDataDriven(java.lang.String,java.lang.String,java.lang.String)[pri:0, instance:tests.LoginTest@2b5825fa]" name="testInvalidLoginDataDriven" class="tests.LoginTest"/>
        <method signature="LoginTest.testLockedOutUserLogin()[pri:0, instance:tests.LoginTest@2b5825fa]" name="testLockedOutUserLogin" class="tests.LoginTest"/>
        <method signature="LoginTest.testLogout()[pri:0, instance:tests.LoginTest@2b5825fa]" name="testLogout" class="tests.LoginTest"/>
        <method signature="LoginTest.testValidLogin()[pri:0, instance:tests.LoginTest@2b5825fa]" name="testValidLogin" class="tests.LoginTest"/>
      </group> <!-- regression -->
      <group name="smoke">
        <method signature="LoginTest.testLockedOutUserLogin()[pri:0, instance:tests.LoginTest@2b5825fa]" name="testLockedOutUserLogin" class="tests.LoginTest"/>
        <method signature="LoginTest.testLogout()[pri:0, instance:tests.LoginTest@2b5825fa]" name="testLogout" class="tests.LoginTest"/>
        <method signature="LoginTest.testValidLogin()[pri:0, instance:tests.LoginTest@2b5825fa]" name="testValidLogin" class="tests.LoginTest"/>
      </group> <!-- smoke -->
    </groups>
    <test started-at="2026-04-25T22:04:22 IST" name="Default test" finished-at="2026-04-25T22:05:00 IST" duration-ms="38567">
      <class name="tests.LoginTest">
        <test-method is-config="true" signature="beforeSuite()[pri:0, instance:tests.LoginTest@2b5825fa]" started-at="2026-04-25T22:04:22 IST" name="beforeSuite" finished-at="2026-04-25T22:04:22 IST" duration-ms="44" status="PASS">
          <reporter-output>
          </reporter-output>
        </test-method> <!-- beforeSuite -->
        <test-method is-config="true" signature="setUp(org.testng.ITestResult)[pri:0, instance:tests.LoginTest@2b5825fa]" started-at="2026-04-25T22:04:22 IST" name="setUp" finished-at="2026-04-25T22:04:25 IST" duration-ms="3444" status="PASS">
          <params>
            <param index="0">
              <value>
                <![CDATA[[TestResult name={null} status=CREATED method=LoginTest.testBothFieldsEmpty()[pri:0, instance:tests.LoginTest@2b5825fa] output={null}]]]>
              </value>
            </param>
          </params>
          <reporter-output>
          </reporter-output>
        </test-method> <!-- setUp -->
        <test-method signature="testBothFieldsEmpty()[pri:0, instance:tests.LoginTest@2b5825fa]" started-at="2026-04-25T22:04:25 IST" name="testBothFieldsEmpty" description="TC_LOGIN_006 - Verify error when both fields are empty" finished-at="2026-04-25T22:04:25 IST" duration-ms="370" status="PASS">
          <reporter-output>
          </reporter-output>
        </test-method> <!-- testBothFieldsEmpty -->
        <test-method is-config="true" signature="tearDown(org.testng.ITestResult)[pri:0, instance:tests.LoginTest@2b5825fa]" started-at="2026-04-25T22:04:25 IST" name="tearDown" finished-at="2026-04-25T22:04:26 IST" duration-ms="304" status="PASS">
          <params>
            <param index="0">
              <value>
                <![CDATA[[TestResult name=testBothFieldsEmpty status=SUCCESS method=LoginTest.testBothFieldsEmpty()[pri:0, instance:tests.LoginTest@2b5825fa] output={null}]]]>
              </value>
            </param>
          </params>
          <reporter-output>
          </reporter-output>
        </test-method> <!-- tearDown -->
        <test-method is-config="true" signature="setUp(org.testng.ITestResult)[pri:0, instance:tests.LoginTest@2b5825fa]" started-at="2026-04-25T22:04:26 IST" name="setUp" finished-at="2026-04-25T22:04:27 IST" duration-ms="876" status="PASS">
          <params>
            <param index="0">
              <value>
                <![CDATA[[TestResult name={null} status=CREATED method=LoginTest.testEmptyPassword()[pri:0, instance:tests.LoginTest@2b5825fa] output={null}]]]>
              </value>
            </param>
          </params>
          <reporter-output>
          </reporter-output>
        </test-method> <!-- setUp -->
        <test-method signature="testEmptyPassword()[pri:0, instance:tests.LoginTest@2b5825fa]" started-at="2026-04-25T22:04:27 IST" name="testEmptyPassword" description="TC_LOGIN_005 - Verify error when password is empty" finished-at="2026-04-25T22:04:27 IST" duration-ms="773" status="PASS">
          <reporter-output>
          </reporter-output>
        </test-method> <!-- testEmptyPassword -->
        <test-method is-config="true" signature="tearDown(org.testng.ITestResult)[pri:0, instance:tests.LoginTest@2b5825fa]" started-at="2026-04-25T22:04:27 IST" name="tearDown" finished-at="2026-04-25T22:04:28 IST" duration-ms="245" status="PASS">
          <params>
            <param index="0">
              <value>
                <![CDATA[[TestResult name=testEmptyPassword status=SUCCESS method=LoginTest.testEmptyPassword()[pri:0, instance:tests.LoginTest@2b5825fa] output={null}]]]>
              </value>
            </param>
          </params>
          <reporter-output>
          </reporter-output>
        </test-method> <!-- tearDown -->
        <test-method is-config="true" signature="setUp(org.testng.ITestResult)[pri:0, instance:tests.LoginTest@2b5825fa]" started-at="2026-04-25T22:04:28 IST" name="setUp" finished-at="2026-04-25T22:04:29 IST" duration-ms="1271" status="PASS">
          <params>
            <param index="0">
              <value>
                <![CDATA[[TestResult name={null} status=CREATED method=LoginTest.testEmptyUsername()[pri:0, instance:tests.LoginTest@2b5825fa] output={null}]]]>
              </value>
            </param>
          </params>
          <reporter-output>
          </reporter-output>
        </test-method> <!-- setUp -->
        <test-method signature="testEmptyUsername()[pri:0, instance:tests.LoginTest@2b5825fa]" started-at="2026-04-25T22:04:29 IST" name="testEmptyUsername" description="TC_LOGIN_004 - Verify error when username is empty" finished-at="2026-04-25T22:04:29 IST" duration-ms="424" status="PASS">
          <reporter-output>
          </reporter-output>
        </test-method> <!-- testEmptyUsername -->
        <test-method is-config="true" signature="tearDown(org.testng.ITestResult)[pri:0, instance:tests.LoginTest@2b5825fa]" started-at="2026-04-25T22:04:29 IST" name="tearDown" finished-at="2026-04-25T22:04:30 IST" duration-ms="222" status="PASS">
          <params>
            <param index="0">
              <value>
                <![CDATA[[TestResult name=testEmptyUsername status=SUCCESS method=LoginTest.testEmptyUsername()[pri:0, instance:tests.LoginTest@2b5825fa] output={null}]]]>
              </value>
            </param>
          </params>
          <reporter-output>
          </reporter-output>
        </test-method> <!-- tearDown -->
        <test-method is-config="true" signature="setUp(org.testng.ITestResult)[pri:0, instance:tests.LoginTest@2b5825fa]" started-at="2026-04-25T22:04:30 IST" name="setUp" finished-at="2026-04-25T22:04:31 IST" duration-ms="1292" status="PASS">
          <params>
            <param index="0">
              <value>
                <![CDATA[[TestResult name={null} status=CREATED method=LoginTest.testInvalidCredentials()[pri:0, instance:tests.LoginTest@2b5825fa] output={null}]]]>
              </value>
            </param>
          </params>
          <reporter-output>
          </reporter-output>
        </test-method> <!-- setUp -->
        <test-method signature="testInvalidCredentials()[pri:0, instance:tests.LoginTest@2b5825fa]" started-at="2026-04-25T22:04:31 IST" name="testInvalidCredentials" description="TC_LOGIN_003 - Verify error for invalid credentials" finished-at="2026-04-25T22:04:31 IST" duration-ms="496" status="PASS">
          <reporter-output>
          </reporter-output>
        </test-method> <!-- testInvalidCredentials -->
        <test-method is-config="true" signature="tearDown(org.testng.ITestResult)[pri:0, instance:tests.LoginTest@2b5825fa]" started-at="2026-04-25T22:04:31 IST" name="tearDown" finished-at="2026-04-25T22:04:32 IST" duration-ms="203" status="PASS">
          <params>
            <param index="0">
              <value>
                <![CDATA[[TestResult name=testInvalidCredentials status=SUCCESS method=LoginTest.testInvalidCredentials()[pri:0, instance:tests.LoginTest@2b5825fa] output={null}]]]>
              </value>
            </param>
          </params>
          <reporter-output>
          </reporter-output>
        </test-method> <!-- tearDown -->
        <test-method is-config="true" signature="setUp(org.testng.ITestResult)[pri:0, instance:tests.LoginTest@2b5825fa]" started-at="2026-04-25T22:04:32 IST" name="setUp" finished-at="2026-04-25T22:04:33 IST" duration-ms="1269" status="PASS">
          <params>
            <param index="0">
              <value>
                <![CDATA[[TestResult name={null} status=CREATED method=LoginTest.testInvalidLoginDataDriven(java.lang.String,java.lang.String,java.lang.String)[pri:0, instance:tests.LoginTest@2b5825fa] output={null}]]]>
              </value>
            </param>
          </params>
          <reporter-output>
          </reporter-output>
        </test-method> <!-- setUp -->
        <test-method signature="testInvalidLoginDataDriven(java.lang.String,java.lang.String,java.lang.String)[pri:0, instance:tests.LoginTest@2b5825fa]" started-at="2026-04-25T22:04:33 IST" name="testInvalidLoginDataDriven" description="TC_LOGIN_008 - Data-driven invalid credential tests" data-provider="invalidCredentials" finished-at="2026-04-25T22:04:33 IST" duration-ms="406" status="PASS">
          <params>
            <param index="0">
              <value>
                <![CDATA[]]>
              </value>
            </param>
            <param index="1">
              <value>
                <![CDATA[]]>
              </value>
            </param>
            <param index="2">
              <value>
                <![CDATA[Username is required]]>
              </value>
            </param>
          </params>
          <reporter-output>
          </reporter-output>
        </test-method> <!-- testInvalidLoginDataDriven -->
        <test-method is-config="true" signature="tearDown(org.testng.ITestResult)[pri:0, instance:tests.LoginTest@2b5825fa]" started-at="2026-04-25T22:04:33 IST" name="tearDown" finished-at="2026-04-25T22:04:34 IST" duration-ms="266" status="PASS">
          <params>
            <param index="0">
              <value>
                <![CDATA[[TestResult name=testInvalidLoginDataDriven status=SUCCESS method=LoginTest.testInvalidLoginDataDriven(java.lang.String,java.lang.String,java.lang.String)[pri:0, instance:tests.LoginTest@2b5825fa] output={null}]]]>
              </value>
            </param>
          </params>
          <reporter-output>
          </reporter-output>
        </test-method> <!-- tearDown -->
        <test-method is-config="true" signature="setUp(org.testng.ITestResult)[pri:0, instance:tests.LoginTest@2b5825fa]" started-at="2026-04-25T22:04:34 IST" name="setUp" finished-at="2026-04-25T22:04:35 IST" duration-ms="1336" status="PASS">
          <params>
            <param index="0">
              <value>
                <![CDATA[[TestResult name={null} status=CREATED method=LoginTest.testInvalidLoginDataDriven(java.lang.String,java.lang.String,java.lang.String)[pri:0, instance:tests.LoginTest@2b5825fa] output={null}]]]>
              </value>
            </param>
          </params>
          <reporter-output>
          </reporter-output>
        </test-method> <!-- setUp -->
        <test-method signature="testInvalidLoginDataDriven(java.lang.String,java.lang.String,java.lang.String)[pri:0, instance:tests.LoginTest@2b5825fa]" started-at="2026-04-25T22:04:35 IST" name="testInvalidLoginDataDriven" description="TC_LOGIN_008 - Data-driven invalid credential tests" data-provider="invalidCredentials" finished-at="2026-04-25T22:04:35 IST" duration-ms="479" status="PASS">
          <params>
            <param index="0">
              <value>
                <![CDATA[standard_user]]>
              </value>
            </param>
            <param index="1">
              <value>
                <![CDATA[]]>
              </value>
            </param>
            <param index="2">
              <value>
                <![CDATA[Password is required]]>
              </value>
            </param>
          </params>
          <reporter-output>
          </reporter-output>
        </test-method> <!-- testInvalidLoginDataDriven -->
        <test-method is-config="true" signature="tearDown(org.testng.ITestResult)[pri:0, instance:tests.LoginTest@2b5825fa]" started-at="2026-04-25T22:04:35 IST" name="tearDown" finished-at="2026-04-25T22:04:36 IST" duration-ms="202" status="PASS">
          <params>
            <param index="0">
              <value>
                <![CDATA[[TestResult name=testInvalidLoginDataDriven status=SUCCESS method=LoginTest.testInvalidLoginDataDriven(java.lang.String,java.lang.String,java.lang.String)[pri:0, instance:tests.LoginTest@2b5825fa] output={null}]]]>
              </value>
            </param>
          </params>
          <reporter-output>
          </reporter-output>
        </test-method> <!-- tearDown -->
        <test-method is-config="true" signature="setUp(org.testng.ITestResult)[pri:0, instance:tests.LoginTest@2b5825fa]" started-at="2026-04-25T22:04:36 IST" name="setUp" finished-at="2026-04-25T22:04:38 IST" duration-ms="2259" status="PASS">
          <params>
            <param index="0">
              <value>
                <![CDATA[[TestResult name={null} status=CREATED method=LoginTest.testInvalidLoginDataDriven(java.lang.String,java.lang.String,java.lang.String)[pri:0, instance:tests.LoginTest@2b5825fa] output={null}]]]>
              </value>
            </param>
          </params>
          <reporter-output>
          </reporter-output>
        </test-method> <!-- setUp -->
        <test-method signature="testInvalidLoginDataDriven(java.lang.String,java.lang.String,java.lang.String)[pri:0, instance:tests.LoginTest@2b5825fa]" started-at="2026-04-25T22:04:38 IST" name="testInvalidLoginDataDriven" description="TC_LOGIN_008 - Data-driven invalid credential tests" data-provider="invalidCredentials" finished-at="2026-04-25T22:04:38 IST" duration-ms="419" status="PASS">
          <params>
            <param index="0">
              <value>
                <![CDATA[]]>
              </value>
            </param>
            <param index="1">
              <value>
                <![CDATA[secret_sauce]]>
              </value>
            </param>
            <param index="2">
              <value>
                <![CDATA[Username is required]]>
              </value>
            </param>
          </params>
          <reporter-output>
          </reporter-output>
        </test-method> <!-- testInvalidLoginDataDriven -->
        <test-method is-config="true" signature="tearDown(org.testng.ITestResult)[pri:0, instance:tests.LoginTest@2b5825fa]" started-at="2026-04-25T22:04:38 IST" name="tearDown" finished-at="2026-04-25T22:04:38 IST" duration-ms="221" status="PASS">
          <params>
            <param index="0">
              <value>
                <![CDATA[[TestResult name=testInvalidLoginDataDriven status=SUCCESS method=LoginTest.testInvalidLoginDataDriven(java.lang.String,java.lang.String,java.lang.String)[pri:0, instance:tests.LoginTest@2b5825fa] output={null}]]]>
              </value>
            </param>
          </params>
          <reporter-output>
          </reporter-output>
        </test-method> <!-- tearDown -->
        <test-method is-config="true" signature="setUp(org.testng.ITestResult)[pri:0, instance:tests.LoginTest@2b5825fa]" started-at="2026-04-25T22:04:38 IST" name="setUp" finished-at="2026-04-25T22:04:40 IST" duration-ms="1426" status="PASS">
          <params>
            <param index="0">
              <value>
                <![CDATA[[TestResult name={null} status=CREATED method=LoginTest.testInvalidLoginDataDriven(java.lang.String,java.lang.String,java.lang.String)[pri:0, instance:tests.LoginTest@2b5825fa] output={null}]]]>
              </value>
            </param>
          </params>
          <reporter-output>
          </reporter-output>
        </test-method> <!-- setUp -->
        <test-method signature="testInvalidLoginDataDriven(java.lang.String,java.lang.String,java.lang.String)[pri:0, instance:tests.LoginTest@2b5825fa]" started-at="2026-04-25T22:04:40 IST" name="testInvalidLoginDataDriven" description="TC_LOGIN_008 - Data-driven invalid credential tests" data-provider="invalidCredentials" finished-at="2026-04-25T22:04:40 IST" duration-ms="469" status="PASS">
          <params>
            <param index="0">
              <value>
                <![CDATA[bad_user]]>
              </value>
            </param>
            <param index="1">
              <value>
                <![CDATA[bad_pass]]>
              </value>
            </param>
            <param index="2">
              <value>
                <![CDATA[Username and password do not match]]>
              </value>
            </param>
          </params>
          <reporter-output>
          </reporter-output>
        </test-method> <!-- testInvalidLoginDataDriven -->
        <test-method is-config="true" signature="tearDown(org.testng.ITestResult)[pri:0, instance:tests.LoginTest@2b5825fa]" started-at="2026-04-25T22:04:40 IST" name="tearDown" finished-at="2026-04-25T22:04:41 IST" duration-ms="219" status="PASS">
          <params>
            <param index="0">
              <value>
                <![CDATA[[TestResult name=testInvalidLoginDataDriven status=SUCCESS method=LoginTest.testInvalidLoginDataDriven(java.lang.String,java.lang.String,java.lang.String)[pri:0, instance:tests.LoginTest@2b5825fa] output={null}]]]>
              </value>
            </param>
          </params>
          <reporter-output>
          </reporter-output>
        </test-method> <!-- tearDown -->
        <test-method is-config="true" signature="setUp(org.testng.ITestResult)[pri:0, instance:tests.LoginTest@2b5825fa]" started-at="2026-04-25T22:04:41 IST" name="setUp" finished-at="2026-04-25T22:04:42 IST" duration-ms="1447" status="PASS">
          <params>
            <param index="0">
              <value>
                <![CDATA[[TestResult name={null} status=CREATED method=LoginTest.testInvalidLoginDataDriven(java.lang.String,java.lang.String,java.lang.String)[pri:0, instance:tests.LoginTest@2b5825fa] output={null}]]]>
              </value>
            </param>
          </params>
          <reporter-output>
          </reporter-output>
        </test-method> <!-- setUp -->
        <test-method signature="testInvalidLoginDataDriven(java.lang.String,java.lang.String,java.lang.String)[pri:0, instance:tests.LoginTest@2b5825fa]" started-at="2026-04-25T22:04:42 IST" name="testInvalidLoginDataDriven" description="TC_LOGIN_008 - Data-driven invalid credential tests" data-provider="invalidCredentials" finished-at="2026-04-25T22:04:43 IST" duration-ms="511" status="PASS">
          <params>
            <param index="0">
              <value>
                <![CDATA[locked_out_user]]>
              </value>
            </param>
            <param index="1">
              <value>
                <![CDATA[secret_sauce]]>
              </value>
            </param>
            <param index="2">
              <value>
                <![CDATA[locked out]]>
              </value>
            </param>
          </params>
          <reporter-output>
          </reporter-output>
        </test-method> <!-- testInvalidLoginDataDriven -->
        <test-method is-config="true" signature="tearDown(org.testng.ITestResult)[pri:0, instance:tests.LoginTest@2b5825fa]" started-at="2026-04-25T22:04:43 IST" name="tearDown" finished-at="2026-04-25T22:04:43 IST" duration-ms="250" status="PASS">
          <params>
            <param index="0">
              <value>
                <![CDATA[[TestResult name=testInvalidLoginDataDriven status=SUCCESS method=LoginTest.testInvalidLoginDataDriven(java.lang.String,java.lang.String,java.lang.String)[pri:0, instance:tests.LoginTest@2b5825fa] output={null}]]]>
              </value>
            </param>
          </params>
          <reporter-output>
          </reporter-output>
        </test-method> <!-- tearDown -->
        <test-method is-config="true" signature="setUp(org.testng.ITestResult)[pri:0, instance:tests.LoginTest@2b5825fa]" started-at="2026-04-25T22:04:43 IST" name="setUp" finished-at="2026-04-25T22:04:44 IST" duration-ms="1416" status="PASS">
          <params>
            <param index="0">
              <value>
                <![CDATA[[TestResult name={null} status=CREATED method=LoginTest.testLockedOutUserLogin()[pri:0, instance:tests.LoginTest@2b5825fa] output={null}]]]>
              </value>
            </param>
          </params>
          <reporter-output>
          </reporter-output>
        </test-method> <!-- setUp -->
        <test-method signature="testLockedOutUserLogin()[pri:0, instance:tests.LoginTest@2b5825fa]" started-at="2026-04-25T22:04:44 IST" name="testLockedOutUserLogin" description="TC_LOGIN_002 - Verify error for locked-out user" finished-at="2026-04-25T22:04:45 IST" duration-ms="469" status="PASS">
          <reporter-output>
          </reporter-output>
        </test-method> <!-- testLockedOutUserLogin -->
        <test-method is-config="true" signature="tearDown(org.testng.ITestResult)[pri:0, instance:tests.LoginTest@2b5825fa]" started-at="2026-04-25T22:04:45 IST" name="tearDown" finished-at="2026-04-25T22:04:45 IST" duration-ms="244" status="PASS">
          <params>
            <param index="0">
              <value>
                <![CDATA[[TestResult name=testLockedOutUserLogin status=SUCCESS method=LoginTest.testLockedOutUserLogin()[pri:0, instance:tests.LoginTest@2b5825fa] output={null}]]]>
              </value>
            </param>
          </params>
          <reporter-output>
          </reporter-output>
        </test-method> <!-- tearDown -->
        <test-method is-config="true" signature="setUp(org.testng.ITestResult)[pri:0, instance:tests.LoginTest@2b5825fa]" started-at="2026-04-25T22:04:45 IST" name="setUp" finished-at="2026-04-25T22:04:46 IST" duration-ms="1020" status="PASS">
          <params>
            <param index="0">
              <value>
                <![CDATA[[TestResult name={null} status=CREATED method=LoginTest.testLogout()[pri:0, instance:tests.LoginTest@2b5825fa] output={null}]]]>
              </value>
            </param>
          </params>
          <reporter-output>
          </reporter-output>
        </test-method> <!-- setUp -->
        <test-method signature="testLogout()[pri:0, instance:tests.LoginTest@2b5825fa]" started-at="2026-04-25T22:04:46 IST" name="testLogout" description="TC_LOGIN_007 - Verify user can logout successfully" finished-at="2026-04-25T22:04:58 IST" duration-ms="11614" status="FAIL">
          <exception class="java.lang.AssertionError">
            <message>
              <![CDATA[Login page should be displayed after logout expected [true] but found [false]]]>
            </message>
            <full-stacktrace>
              <![CDATA[java.lang.AssertionError: Login page should be displayed after logout expected [true] but found [false]
at org.testng.Assert.fail(Assert.java:111)
at org.testng.Assert.failNotEquals(Assert.java:1578)
at org.testng.Assert.assertTrue(Assert.java:57)
at tests.LoginTest.testLogout(LoginTest.java:174)
at java.base/jdk.internal.reflect.DirectMethodHandleAccessor.invoke(DirectMethodHandleAccessor.java:103)
at java.base/java.lang.reflect.Method.invoke(Method.java:580)
at org.testng.internal.invokers.MethodInvocationHelper.invokeMethod(MethodInvocationHelper.java:139)
at org.testng.internal.invokers.TestInvoker.invokeMethod(TestInvoker.java:664)
at org.testng.internal.invokers.TestInvoker.invokeTestMethod(TestInvoker.java:228)
at org.testng.internal.invokers.MethodRunner.runInSequence(MethodRunner.java:63)
at org.testng.internal.invokers.TestInvoker$MethodInvocationAgent.invoke(TestInvoker.java:961)
at org.testng.internal.invokers.TestInvoker.invokeTestMethods(TestInvoker.java:201)
at org.testng.internal.invokers.TestMethodWorker.invokeTestMethods(TestMethodWorker.java:148)
at org.testng.internal.invokers.TestMethodWorker.run(TestMethodWorker.java:128)
at java.base/java.util.ArrayList.forEach(ArrayList.java:1597)
at org.testng.TestRunner.privateRun(TestRunner.java:819)
at org.testng.TestRunner.run(TestRunner.java:619)
at org.testng.SuiteRunner.runTest(SuiteRunner.java:443)
at org.testng.SuiteRunner.runSequentially(SuiteRunner.java:437)
at org.testng.SuiteRunner.privateRun(SuiteRunner.java:397)
at org.testng.SuiteRunner.run(SuiteRunner.java:336)
at org.testng.SuiteRunnerWorker.runSuite(SuiteRunnerWorker.java:52)
at org.testng.SuiteRunnerWorker.run(SuiteRunnerWorker.java:95)
at org.testng.TestNG.runSuitesSequentially(TestNG.java:1301)
at org.testng.TestNG.runSuitesLocally(TestNG.java:1228)
at org.testng.TestNG.runSuites(TestNG.java:1134)
at org.testng.TestNG.run(TestNG.java:1101)
at org.testng.remote.AbstractRemoteTestNG.run(AbstractRemoteTestNG.java:115)
at org.testng.remote.RemoteTestNG.initAndRun(RemoteTestNG.java:293)
at org.testng.remote.RemoteTestNG.main(RemoteTestNG.java:91)
]]>
            </full-stacktrace>
          </exception> <!-- java.lang.AssertionError -->
          <reporter-output>
          </reporter-output>
        </test-method> <!-- testLogout -->
        <test-method is-config="true" signature="tearDown(org.testng.ITestResult)[pri:0, instance:tests.LoginTest@2b5825fa]" started-at="2026-04-25T22:04:58 IST" name="tearDown" finished-at="2026-04-25T22:04:58 IST" duration-ms="327" status="PASS">
          <params>
            <param index="0">
              <value>
                <![CDATA[[TestResult name=testLogout status=FAILURE method=LoginTest.testLogout()[pri:0, instance:tests.LoginTest@2b5825fa] output={null}]]]>
              </value>
            </param>
          </params>
          <reporter-output>
          </reporter-output>
        </test-method> <!-- tearDown -->
        <test-method is-config="true" signature="setUp(org.testng.ITestResult)[pri:0, instance:tests.LoginTest@2b5825fa]" started-at="2026-04-25T22:04:58 IST" name="setUp" finished-at="2026-04-25T22:04:59 IST" duration-ms="1436" status="PASS">
          <params>
            <param index="0">
              <value>
                <![CDATA[[TestResult name={null} status=CREATED method=LoginTest.testValidLogin()[pri:0, instance:tests.LoginTest@2b5825fa] output={null}]]]>
              </value>
            </param>
          </params>
          <reporter-output>
          </reporter-output>
        </test-method> <!-- setUp -->
        <test-method signature="testValidLogin()[pri:0, instance:tests.LoginTest@2b5825fa]" started-at="2026-04-25T22:04:59 IST" name="testValidLogin" description="TC_LOGIN_001 - Verify successful login with valid credentials" finished-at="2026-04-25T22:05:00 IST" duration-ms="592" status="PASS">
          <reporter-output>
          </reporter-output>
        </test-method> <!-- testValidLogin -->
        <test-method is-config="true" signature="tearDown(org.testng.ITestResult)[pri:0, instance:tests.LoginTest@2b5825fa]" started-at="2026-04-25T22:05:00 IST" name="tearDown" finished-at="2026-04-25T22:05:00 IST" duration-ms="218" status="PASS">
          <params>
            <param index="0">
              <value>
                <![CDATA[[TestResult name=testValidLogin status=SUCCESS method=LoginTest.testValidLogin()[pri:0, instance:tests.LoginTest@2b5825fa] output={null}]]]>
              </value>
            </param>
          </params>
          <reporter-output>
          </reporter-output>
        </test-method> <!-- tearDown -->
        <test-method is-config="true" signature="afterSuite()[pri:0, instance:tests.LoginTest@2b5825fa]" started-at="2026-04-25T22:05:00 IST" name="afterSuite" finished-at="2026-04-25T22:05:00 IST" duration-ms="0" status="PASS">
          <reporter-output>
          </reporter-output>
        </test-method> <!-- afterSuite -->
      </class> <!-- tests.LoginTest -->
    </test> <!-- Default test -->
  </suite> <!-- Default suite -->
</testng-results>
